c:\users\180276t\desktop\agdeva2\agdeva2\base\debug\vc141.pdb
c:\users\180276t\desktop\agdeva2\agdeva2\base\debug\vc141.idb
c:\users\180276t\desktop\agdeva2\agdeva2\base\debug\objmesh.obj
c:\users\180276t\desktop\agdeva2\agdeva2\base\debug\minimap.obj
c:\users\180276t\desktop\agdeva2\agdeva2\base\debug\main.obj
c:\users\180276t\desktop\agdeva2\agdeva2\base\debug\light.obj
c:\users\180276t\desktop\agdeva2\agdeva2\base\debug\levelofdetails.obj
c:\users\180276t\desktop\agdeva2\agdeva2\base\debug\mouse.obj
c:\users\180276t\desktop\agdeva2\agdeva2\base\debug\keyboard.obj
c:\users\180276t\desktop\agdeva2\agdeva2\base\debug\controller.obj
c:\users\180276t\desktop\agdeva2\agdeva2\base\debug\groundentity.obj
c:\users\180276t\desktop\agdeva2\agdeva2\base\debug\genericentity.obj
c:\users\180276t\desktop\agdeva2\agdeva2\base\debug\menustate.obj
c:\users\180276t\desktop\agdeva2\agdeva2\base\debug\introstate.obj
c:\users\180276t\desktop\agdeva2\agdeva2\base\debug\buttonentity.obj
c:\users\180276t\desktop\agdeva2\agdeva2\base\debug\plane.obj
c:\users\180276t\desktop\agdeva2\agdeva2\base\debug\frustumculling.obj
c:\users\180276t\desktop\agdeva2\agdeva2\base\debug\fpscamera.obj
c:\users\180276t\desktop\agdeva2\agdeva2\base\debug\entitymanager.obj
c:\users\180276t\desktop\agdeva2\agdeva2\base\debug\enemy3d.obj
c:\users\180276t\desktop\agdeva2\agdeva2\base\debug\cameraeffects.obj
c:\users\180276t\desktop\agdeva2\agdeva2\base\debug\application.obj
c:\users\180276t\desktop\agdeva2\agdeva2\base\debug\scenetext.obj
c:\users\180276t\desktop\agdeva2\agdeva2\base\debug\updatetransformation.obj
c:\users\180276t\desktop\agdeva2\agdeva2\base\debug\transform.obj
c:\users\180276t\desktop\agdeva2\agdeva2\base\debug\scenenode.obj
c:\users\180276t\desktop\agdeva2\agdeva2\base\debug\scenegraph.obj
c:\users\180276t\desktop\agdeva2\agdeva2\base\debug\treasurechest.obj
c:\users\180276t\desktop\agdeva2\agdeva2\base\debug\strategy_kill.obj
c:\users\180276t\desktop\agdeva2\agdeva2\base\debug\strategy.obj
c:\users\180276t\desktop\agdeva2\agdeva2\base\debug\scene2d.obj
c:\users\180276t\desktop\agdeva2\agdeva2\base\debug\playerinfo2d.obj
c:\users\180276t\desktop\agdeva2\agdeva2\base\debug\map.obj
c:\users\180276t\desktop\agdeva2\agdeva2\base\debug\goodiesfactory.obj
c:\users\180276t\desktop\agdeva2\agdeva2\base\debug\goodies.obj
c:\users\180276t\desktop\agdeva2\agdeva2\base\debug\enemy.obj
c:\users\180276t\desktop\agdeva2\agdeva2\base\debug\animation.obj
c:\users\180276t\desktop\agdeva2\agdeva2\base\debug\projectile.obj
c:\users\180276t\desktop\agdeva2\agdeva2\base\debug\laser.obj
c:\users\180276t\desktop\agdeva2\agdeva2\base\debug\grenade.obj
c:\users\180276t\desktop\agdeva2\agdeva2\base\debug\playerinfo.obj
c:\users\180276t\desktop\agdeva2\agdeva2\base\debug\performance.obj
c:\users\180276t\desktop\agdeva2\agdeva2\base\debug\weaponinfo.obj
c:\users\180276t\desktop\agdeva2\agdeva2\base\debug\rpg.obj
c:\users\180276t\desktop\agdeva2\agdeva2\base\debug\pistol.obj
c:\users\180276t\desktop\agdeva2\agdeva2\base\debug\laserblaster.obj
c:\users\180276t\desktop\agdeva2\agdeva2\base\debug\grenadethrow.obj
c:\users\180276t\desktop\agdeva2\agdeva2\base\debug\waypointmanager.obj
c:\users\180276t\desktop\agdeva2\agdeva2\base\debug\waypoint.obj
c:\users\180276t\desktop\agdeva2\agdeva2\base\debug\textentity.obj
c:\users\180276t\desktop\agdeva2\agdeva2\base\debug\spriteentity.obj
c:\users\180276t\desktop\agdeva2\agdeva2\base\debug\spatialpartition.obj
c:\users\180276t\desktop\agdeva2\agdeva2\base\debug\grid.obj
c:\users\180276t\desktop\agdeva2\agdeva2\base\debug\soundengine.obj
c:\users\180276t\desktop\agdeva2\agdeva2\base\debug\skyboxentity.obj
c:\users\180276t\desktop\agdeva2\agdeva2\base\debug\luamanager.obj
c:\users\180276t\desktop\agdeva2\agdeva2\debug\base.exe
c:\users\180276t\desktop\agdeva2\agdeva2\debug\base.pdb
c:\users\180276t\desktop\agdeva2\agdeva2\base\debug\base.tlog\cl.command.1.tlog
c:\users\180276t\desktop\agdeva2\agdeva2\base\debug\base.tlog\cl.read.1.tlog
c:\users\180276t\desktop\agdeva2\agdeva2\base\debug\base.tlog\cl.write.1.tlog
c:\users\180276t\desktop\agdeva2\agdeva2\base\debug\base.tlog\link.command.1.tlog
c:\users\180276t\desktop\agdeva2\agdeva2\base\debug\base.tlog\link.read.1.tlog
c:\users\180276t\desktop\agdeva2\agdeva2\base\debug\base.tlog\link.write.1.tlog
