  CameraBase.cpp
  Collider.cpp
  EntityBase.cpp
  FPSCounter.cpp
  GraphicsManager.cpp
  KeyboardController.cpp
  LightBase.cpp
  LoadOBJ.cpp
  LoadTGA.cpp
  MathUtility.cpp
  MatrixStack.cpp
  Mesh.cpp
  MeshBuilder.cpp
  MouseController.cpp
  Mtx44.cpp
  RenderHelper.cpp
  SceneManager.cpp
  ShaderProgram.cpp
  timer.cpp
  Utility.cpp
  Generating Code...
  Compiling...
  Vector2.cpp
  Vector3.cpp
  Win32Input.cpp
  Generating Code...
  Common.vcxproj -> C:\Users\180276T\Desktop\AGDEVA2\AGDEVA2\Debug\Common.lib
