c:\users\180276t\desktop\agdeva2\agdeva2\common\debug\common.pdb
c:\users\180276t\desktop\agdeva2\agdeva2\common\debug\common.idb
c:\users\180276t\desktop\agdeva2\agdeva2\common\debug\utility.obj
c:\users\180276t\desktop\agdeva2\agdeva2\common\debug\timer.obj
c:\users\180276t\desktop\agdeva2\agdeva2\common\debug\shaderprogram.obj
c:\users\180276t\desktop\agdeva2\agdeva2\common\debug\scenemanager.obj
c:\users\180276t\desktop\agdeva2\agdeva2\common\debug\renderhelper.obj
c:\users\180276t\desktop\agdeva2\agdeva2\common\debug\mtx44.obj
c:\users\180276t\desktop\agdeva2\agdeva2\common\debug\mousecontroller.obj
c:\users\180276t\desktop\agdeva2\agdeva2\common\debug\meshbuilder.obj
c:\users\180276t\desktop\agdeva2\agdeva2\common\debug\mesh.obj
c:\users\180276t\desktop\agdeva2\agdeva2\common\debug\matrixstack.obj
c:\users\180276t\desktop\agdeva2\agdeva2\common\debug\mathutility.obj
c:\users\180276t\desktop\agdeva2\agdeva2\common\debug\loadtga.obj
c:\users\180276t\desktop\agdeva2\agdeva2\common\debug\loadobj.obj
c:\users\180276t\desktop\agdeva2\agdeva2\common\debug\lightbase.obj
c:\users\180276t\desktop\agdeva2\agdeva2\common\debug\keyboardcontroller.obj
c:\users\180276t\desktop\agdeva2\agdeva2\common\debug\graphicsmanager.obj
c:\users\180276t\desktop\agdeva2\agdeva2\common\debug\fpscounter.obj
c:\users\180276t\desktop\agdeva2\agdeva2\common\debug\entitybase.obj
c:\users\180276t\desktop\agdeva2\agdeva2\common\debug\collider.obj
c:\users\180276t\desktop\agdeva2\agdeva2\common\debug\camerabase.obj
c:\users\180276t\desktop\agdeva2\agdeva2\common\debug\win32input.obj
c:\users\180276t\desktop\agdeva2\agdeva2\common\debug\vector3.obj
c:\users\180276t\desktop\agdeva2\agdeva2\common\debug\vector2.obj
c:\users\180276t\desktop\agdeva2\agdeva2\debug\common.lib
c:\users\180276t\desktop\agdeva2\agdeva2\debug\common.pdb
c:\users\180276t\desktop\agdeva2\agdeva2\common\debug\common.tlog\cl.command.1.tlog
c:\users\180276t\desktop\agdeva2\agdeva2\common\debug\common.tlog\cl.read.1.tlog
c:\users\180276t\desktop\agdeva2\agdeva2\common\debug\common.tlog\cl.write.1.tlog
c:\users\180276t\desktop\agdeva2\agdeva2\common\debug\common.tlog\lib-link.read.1.tlog
c:\users\180276t\desktop\agdeva2\agdeva2\common\debug\common.tlog\lib-link.write.1.tlog
c:\users\180276t\desktop\agdeva2\agdeva2\common\debug\common.tlog\lib.command.1.tlog
